IQ-TREE multicore version 2.1.4-beta COVID-edition for Linux 64-bit built Jun 24 2021
Developed by Bui Quang Minh, James Barbetti, Nguyen Lam Tung,
Olga Chernomor, Heiko Schmidt, Dominik Schrempf, Michael Woodhams.

Host:    jorgemedinad (AVX2, FMA3, 15 GB RAM)
Command: iqtree2 -s /mnt/c/Users/beto2/Documents/Romalea_phylogenomics/pipeline/4_IQ-TREE/input/filtered_50%Taxa_50Col_50%ColumnGapTolerance_50%RowGapTolerance/concatenated.fasta-out.nex -p /mnt/c/Users/beto2/Documents/Romalea_phylogenomics/pipeline/4_IQ-TREE/output/filtered_50%Taxa_50Col_50%ColumnGapTolerance_50%RowGapTolerance/model_selection.best_scheme.nex -B 1000 -T AUTO -pre /mnt/c/Users/beto2/Documents/Romalea_phylogenomics/pipeline/4_IQ-TREE/output/filtered_50%Taxa_50Col_50%ColumnGapTolerance_50%RowGapTolerance/bootstrap_tree
Seed:    749768 (Using SPRNG - Scalable Parallel Random Number Generator)
Time:    Tue May  6 20:05:37 2025
Kernel:  AVX+FMA - auto-detect threads (22 CPU cores detected)

Reading partition model file /mnt/c/Users/beto2/Documents/Romalea_phylogenomics/pipeline/4_IQ-TREE/output/filtered_50%Taxa_50Col_50%ColumnGapTolerance_50%RowGapTolerance/model_selection.best_scheme.nex ...
Reading alignment file /mnt/c/Users/beto2/Documents/Romalea_phylogenomics/pipeline/4_IQ-TREE/input/filtered_50%Taxa_50Col_50%ColumnGapTolerance_50%RowGapTolerance/concatenated.fasta-out.nex ... Nexus format detected
Alignment has 33 sequences with 360051 columns, 84403 distinct patterns
29145 parsimony-informative, 31796 singleton sites, 299110 constant sites
                      Gap/Ambiguity  Composition  p-value
   1  TAMUIC_IGC_004538      44.52%    failed      0.00%
   2  TAMUIC_IGC_004539      36.25%    failed      0.00%
   3  TAMUIC_IGC_004540      64.67%    failed      0.00%
   4  TAMUIC_IGC_004541      70.60%    failed      0.00%
   5  TAMUIC_IGC_004542      66.83%    failed      0.00%
   6  TAMUIC_IGC_004543      43.91%    failed      0.43%
   7  TAMUIC_IGC_004544      17.18%    passed     35.73%
   8  TAMUIC_IGC_004545      62.57%    passed      6.70%
   9  TAMUIC_IGC_004546      19.73%    passed     53.05%
  10  TAMUIC_IGC_004547      16.51%    passed     61.87%
  11  TAMUIC_IGC_004548      17.07%    passed     27.02%
  12  TAMUIC_IGC_004549      17.51%    passed     53.04%
  13  TAMUIC_IGC_004550      17.22%    passed     79.67%
  14  TAMUIC_IGC_004551      14.68%    passed     26.20%
  15  TAMUIC_IGC_004552      12.40%    passed     26.19%
  16  TAMUIC_IGC_004553      17.76%    passed     50.91%
  17  TAMUIC_IGC_004554      13.36%    passed     17.47%
  18  TAMUIC_IGC_004555      12.18%    passed     35.51%
  19  TAMUIC_IGC_004556      26.08%    failed      0.73%
  20  TAMUIC_IGC_004557      27.17%    failed      3.88%
  21  TAMUIC_IGC_004558      26.02%    failed      0.00%
  22  TAMUIC_IGC_004559      22.58%    passed      8.97%
  23  TAMUIC_IGC_004560      19.94%    passed     55.24%
  24  TAMUIC_IGC_004561      20.23%    passed     43.14%
  25  TAMUIC_IGC_004562      24.32%    passed     51.96%
  26  TAMUIC_IGC_004563      23.51%    passed      6.17%
  27  TAMUIC_IGC_004564      57.09%    failed      0.00%
  28  TAMUIC_IGC_004566      41.93%    failed      0.00%
  29  TAMUIC_IGC_004567      47.24%    failed      0.00%
  30  TAMUIC_IGC_004568      76.45%    failed      0.00%
  31  TAMUIC_IGC_004569      36.10%    failed      0.03%
  32  TAMUIC_IGC_004570      27.82%    passed     21.58%
  33  Tropidacris_collaris   32.23%    failed      0.00%
WARNING: 6 sequences contain more than 50% gaps/ambiguity
****  TOTAL                  32.54%  15 sequences failed composition chi2 test (p-value<5%; df=3)

Loading 37 partitions...
Subset	Type	Seqs	Sites	Infor	Invar	Model	Name
1	DNA	33	24966	1178	22584	GTR+F+R2	p1_EOG700M79_p10_EOG706BPW_p21_EOG709709_p22_EOG70D35V_p35_EOG70PPWG_p37_EOG70PPX8_p39_EOG70PPXK_p53_EOG7109M9_p55_EOG7135V9_p97_EOG71S8JR_p98_EOG71S8K5_p100_EOG71W4RN_p129_EOG72CH0Z_p132_EOG72GC6W_p140_EOG72P3P6_p143_EOG72P3PP_p167_EOG73G2KV_p181_EOG73VJJ6_p197_EOG74558R_p211_EOG74FS0W_p243_EOG7520DW_p264_EOG75FGC4_p268_EOG75FGCD_p286_EOG75R33S_p289_EOG75TZBQ_p300_EOG761PTG_p305_EOG764K22_p314_EOG767F95_p321_EOG76B9HK_p323_EOG76B9J2_p351_EOG76TNR1_p377_EOG77DW4V_p388_EOG77HRDQ_p412_EOG783ZTJ_p424_EOG789Q9G_p449_EOG78T2GW_p459_EOG790T0N_p474_EOG799DPW_p494_EOG79M1FJ_p499_EOG79SRW3_p500_EOG79SRW7_p509_EOG7B3CM2_p511_EOG7B3CM4_p561_EOG7C330F_p579_EOG7CGJZ8_p580_EOG7CGK06_p582_EOG7CKF61_p610_EOG7D2SDQ_p614_EOG7D5NN6_p642_EOG7DRW2J_p660_EOG7F5C1P_p663_EOG7F8783_p695_EOG7G265C_p698_EOG7G52DF_p702_EOG7G52F3_p706_EOG7G7XNX_p707_EOG7G7XPC_p711_EOG7GBSWH_p713_EOG7GBSWR_p718_EOG7GFP41_p732_EOG7GNDM0_p735_EOG7GNDMM_p741_EOG7GR8VC_p749_EOG7GZ19S_p797_EOG7HR08D_p821_EOG7J4G6P_p841_EOG7JMTCJ_p842_EOG7JMTCM_p876_EOG7K9X22_p877_EOG7K9X2H_p907_EOG7KT87H_p912_EOG7KX4HV_p915_EOG7M10QH_p921_EOG7M9MFG_p963_EOG7N6FKQ_p970_EOG7N6FMM_p972_EOG7N99TF_p985_EOG7NH29G_p990_EOG7NH2BN_p1003_EOG7NSP2C_p1024_EOG7P917D_p1044_EOG7PPH5W_p1061_EOG7Q03WQ_p1072_EOG7Q5VC6_p1104_EOG7QS2SW_p1109_EOG7QVZ1N_p1119_EOG7R2PJ1_p1131_EOG7RG5GC_p1132_EOG7RG5GV_p1154_EOG7RVNFG_p1167_EOG7S5856_p1197_EOG7SZ72T_p1208_EOG7T7TS5_p1247_EOG7TXXG7_p1275_EOG7VBDF6_p1293_EOG7VN141_p1307_EOG7VXMVP_p1347_EOG7WQKRS_p1367_EOG7X42Q8_p1374_EOG7X6XZ9_p1384_EOG7X9T68_p1399_EOG7XQ94T_p1413_EOG7Z0WVS_p1420_EOG7Z6NBC_p1429_EOG7Z9HKB_p1431_EOG7Z9HM2_p1434_EOG7Z9HMX_p1463_EOG7ZWR12
2	DNA	33	18213	1398	15334	TIM3+F+G4	p2_EOG700M7Q_p13_EOG706BQM_p82_EOG71GNT0_p96_EOG71S8JQ_p133_EOG72GC7B_p169_EOG73G2MH_p191_EOG742917_p192_EOG74291C_p230_EOG74RCQS_p241_EOG7520DR_p253_EOG754VQC_p269_EOG75FGCG_p309_EOG764K2D_p394_EOG77MMP7_p403_EOG77TC46_p431_EOG78DKJ6_p445_EOG78Q68S_p447_EOG78Q693_p462_EOG793P6R_p477_EOG799DQQ_p513_EOG7B3CMG_p532_EOG7BD0CP_p560_EOG7C06S0_p571_EOG7C8TGK_p704_EOG7G7XNB_p723_EOG7GJJC2_p738_EOG7GR8TS_p764_EOG7H7N1J_p768_EOG7H7N2B_p777_EOG7HBH9X_p789_EOG7HN41D_p837_EOG7JHZ4Z_p840_EOG7JHZ68_p850_EOG7JTJVH_p928_EOG7MHBXZ_p980_EOG7ND62R_p983_EOG7ND63G_p1013_EOG7P38S3_p1017_EOG7P650S_p1022_EOG7P9176_p1040_EOG7PKMZ1_p1069_EOG7Q305C_p1080_EOG7Q8QM6_p1086_EOG7Q8QNR_p1112_EOG7QVZ26_p1127_EOG7RC981_p1135_EOG7RK1Q8_p1159_EOG7RZHPJ_p1163_EOG7RZHQ9_p1174_EOG7SC0MS_p1180_EOG7SFVWH_p1182_EOG7SJR3Q_p1227_EOG7TJFHB_p1234_EOG7TN9RH_p1250_EOG7TXXGV_p1254_EOG7V1SPX_p1268_EOG7V7J6R_p1290_EOG7VJ4X3_p1298_EOG7VQWCF_p1304_EOG7VTRMM_p1435_EOG7Z9HMZ_p1439_EOG7ZDCV1_p1454_EOG7ZQ0JS_p1456_EOG7ZQ0K8
3	DNA	33	35205	2118	30804	TIM+F+G4	p3_EOG700M8C_p16_EOG7096ZN_p27_EOG70D36N_p28_EOG70GZDP_p45_EOG70SK5H_p70_EOG718XBF_p80_EOG71CSMF_p115_EOG725RHK_p142_EOG72P3PJ_p147_EOG72P3QK_p155_EOG72ZQF2_p165_EOG73C6BP_p194_EOG74292B_p227_EOG74RCQ3_p229_EOG74RCQD_p258_EOG757QXF_p261_EOG75BM4W_p263_EOG75BM5G_p267_EOG75FGCC_p272_EOG75JBM3_p285_EOG75N6W6_p301_EOG761PTP_p304_EOG764K1S_p329_EOG76F5RP_p334_EOG76F5SS_p335_EOG76J20T_p348_EOG76QSHH_p363_EOG7748F9_p376_EOG77B0Z3_p405_EOG77TC4C_p406_EOG77X7BM_p432_EOG78DKJB_p436_EOG78DKM2_p461_EOG793P6Q_p471_EOG796JH1_p510_EOG7B3CM3_p539_EOG7BGVKZ_p545_EOG7BPM2V_p548_EOG7BSG92_p550_EOG7BSG97_p552_EOG7BSG99_p566_EOG7C331N_p600_EOG7CS5PQ_p605_EOG7CZX5S_p606_EOG7D2SCX_p623_EOG7DG8BR_p626_EOG7DG8CJ_p630_EOG7DK4KG_p632_EOG7DK4KN_p658_EOG7F5C0W_p668_EOG7F879M_p682_EOG7FNQ6S_p689_EOG7FVFPC_p697_EOG7G52D9_p703_EOG7G52F6_p710_EOG7GBSWD_p721_EOG7GFP4B_p763_EOG7H7N1G_p767_EOG7H7N28_p802_EOG7HTVGW_p803_EOG7HTVH5_p816_EOG7J1KZZ_p817_EOG7J1M03_p819_EOG7J4G61_p856_EOG7JXF3H_p871_EOG7K71T5_p881_EOG7KDS8S_p895_EOG7KHNKP_p897_EOG7KMHS3_p908_EOG7KT88G_p934_EOG7MM75W_p975_EOG7N99TX_p984_EOG7ND63M_p999_EOG7NPSSZ_p1005_EOG7NWJ8J_p1012_EOG7P0DHD_p1050_EOG7PSCDT_p1053_EOG7PW7ND_p1090_EOG7QCKVZ_p1094_EOG7QGG43_p1106_EOG7QS2T2_p1113_EOG7QVZ2H_p1128_EOG7RC98K_p1136_EOG7RK1QD_p1138_EOG7RK1QS_p1139_EOG7RK1R4_p1143_EOG7RNWZP_p1149_EOG7RRS72_p1153_EOG7RVNFC_p1155_EOG7RVNGH_p1171_EOG7S84DF_p1173_EOG7S84G5_p1198_EOG7SZ732_p1204_EOG7T4ZJ7_p1210_EOG7TBQ12_p1221_EOG7TFK8K_p1225_EOG7TFK9G_p1230_EOG7TJFHP_p1237_EOG7TR60B_p1248_EOG7TXXGC_p1251_EOG7TXXH6_p1258_EOG7V4NXV_p1276_EOG7VBDFB_p1289_EOG7VJ4WK_p1291_EOG7VJ4X8_p1300_EOG7VTRM9_p1308_EOG7VXMVS_p1321_EOG7W77KM_p1327_EOG7WB3V7_p1328_EOG7WB3V8_p1329_EOG7WB3VB_p1331_EOG7WF01R_p1342_EOG7WMQJX_p1348_EOG7WQKS8_p1349_EOG7WTG0F_p1356_EOG7WXB78_p1358_EOG7WXB88_p1361_EOG7WXB8V_p1363_EOG7X16GT_p1377_EOG7X6XZR_p1387_EOG7X9T7P_p1397_EOG7XMDZB_p1400_EOG7XQ95K_p1407_EOG7XX1MK_p1411_EOG7XX1NM_p1421_EOG7Z6NBQ_p1449_EOG7ZM49M_p1458_EOG7ZSVRX
4	DNA	33	14280	838	12437	TVM+F+G4	p4_EOG703GFT_p6_EOG703GG4_p11_EOG706BQ5_p125_EOG72CGZN_p131_EOG72GC6V_p139_EOG72P3P0_p157_EOG732KMV_p163_EOG738B47_p193_EOG74291F_p201_EOG7481H3_p223_EOG74NHH3_p225_EOG74RCPV_p251_EOG754VNP_p265_EOG75FGC9_p307_EOG764K27_p315_EOG767F9B_p317_EOG767F9K_p324_EOG76B9J5_p382_EOG77DW5Z_p386_EOG77HRD6_p417_EOG786V2F_p426_EOG789QBC_p454_EOG78WXR6_p478_EOG79D8XK_p483_EOG79H55M_p506_EOG7B0HCB_p533_EOG7BGVJM_p535_EOG7BGVK6_p544_EOG7BPM2N_p556_EOG7C06RD_p607_EOG7D2SD2_p625_EOG7DG8CG_p656_EOG7F2GT5_p675_EOG7FFZS1_p676_EOG7FJTZM_p755_EOG7H1WKM_p765_EOG7H7N20_p769_EOG7HBH8H_p774_EOG7HBH96_p782_EOG7HJ7RF_p785_EOG7HN40C_p796_EOG7HR085_p806_EOG7HXQQJ_p812_EOG7J1KXV_p823_EOG7J7BDQ_p862_EOG7K19BN_p1000_EOG7NPST1_p1015_EOG7P6506_p1018_EOG7P6517_p1041_EOG7PKMZM_p1076_EOG7Q5VD1_p1120_EOG7R5JRM_p1140_EOG7RNWZ7_p1144_EOG7RNWZV_p1146_EOG7RRS60_p1172_EOG7S84DN_p1177_EOG7SC0NX_p1200_EOG7T239G_p1226_EOG7TJFH9_p1267_EOG7V7J6N_p1272_EOG7VBDDG_p1294_EOG7VN143_p1372_EOG7X6XZ3_p1395_EOG7XMDWQ
5	DNA	33	12030	1379	9600	GTR+F+R3	p5_EOG703GFV_p20_EOG709704_p46_EOG70SK63_p232_EOG74V7XR_p246_EOG7520F4_p248_EOG7520G2_p287_EOG75TZ9W_p302_EOG761PVR_p306_EOG764K23_p326_EOG76F5RJ_p385_EOG77HRD3_p404_EOG77TC47_p422_EOG786V3N_p430_EOG78DKJ5_p460_EOG790T0W_p480_EOG79D8Z5_p486_EOG79H56P_p492_EOG79M1F4_p526_EOG7B9458_p589_EOG7CP9DZ_p603_EOG7CW1Z4_p613_EOG7D5NMM_p615_EOG7D5NNG_p639_EOG7DP0VD_p651_EOG7F2GRT_p653_EOG7F2GS4_p683_EOG7FNQ6X_p714_EOG7GBSWW_p731_EOG7GNDKT_p776_EOG7HBH9G_p790_EOG7HN41J_p822_EOG7J4G6W_p863_EOG7K45K6_p919_EOG7M3W09_p950_EOG7N0Q41_p961_EOG7N3KD1_p1079_EOG7Q8QM5_p1084_EOG7Q8QNG_p1160_EOG7RZHPN_p1206_EOG7T4ZJF_p1212_EOG7TBQ1K_p1214_EOG7TBQ25_p1326_EOG7WB3V5_p1355_EOG7WTG21_p1403_EOG7XT5D6_p1405_EOG7XT5DM_p1410_EOG7XX1NF_p1425_EOG7Z6ND0
6	DNA	33	29322	2516	23813	TIM3+F+G4	p7_EOG703GG8_p17_EOG7096ZT_p34_EOG70KTQB_p44_EOG70SK5C_p51_EOG70WFCH_p56_EOG7135VP_p57_EOG7135VZ_p77_EOG71CSKT_p90_EOG71KJ32_p111_EOG722W7Z_p113_EOG722W8N_p120_EOG728MR3_p158_EOG732KNJ_p182_EOG73VJJG_p199_EOG745597_p226_EOG74RCPZ_p254_EOG757QWH_p257_EOG757QXD_p319_EOG767F9Z_p320_EOG767FBC_p328_EOG76F5RN_p344_EOG76QSH0_p347_EOG76QSHD_p357_EOG76XJ05_p366_EOG7748FQ_p389_EOG77MMMQ_p408_EOG77X7C4_p420_EOG786V3B_p455_EOG78WXRB_p458_EOG790T0M_p487_EOG79H571_p488_EOG79M1DG_p508_EOG7B0HD3_p522_EOG7B943F_p542_EOG7BPM27_p562_EOG7C330H_p585_EOG7CKF68_p591_EOG7CP9FK_p612_EOG7D5NMC_p669_EOG7FC3GN_p693_EOG7FZ9ZH_p753_EOG7H1WK8_p754_EOG7H1WKF_p758_EOG7H4RST_p761_EOG7H7N1B_p775_EOG7HBH9C_p778_EOG7HFCHB_p792_EOG7HR075_p800_EOG7HTVGC_p801_EOG7HTVGH_p814_EOG7J1KZK_p825_EOG7J7BFH_p831_EOG7JB6PT_p847_EOG7JQPMW_p851_EOG7JTJVJ_p855_EOG7JXF3F_p888_EOG7KHNHR_p899_EOG7KMHSH_p911_EOG7KX4HM_p923_EOG7M9MG6_p926_EOG7MDGPF_p952_EOG7N0Q4Z_p966_EOG7N6FM0_p971_EOG7N6FMS_p982_EOG7ND63D_p1007_EOG7NWJ8W_p1026_EOG7P917P_p1027_EOG7P917Q_p1043_EOG7PPH5T_p1062_EOG7Q03X7_p1097_EOG7QKBCF_p1181_EOG7SFVX0_p1185_EOG7SJR4K_p1207_EOG7T4ZKK_p1213_EOG7TBQ24_p1216_EOG7TBQ2D_p1220_EOG7TFK8J_p1235_EOG7TN9RM_p1238_EOG7TR60H_p1240_EOG7TR615_p1261_EOG7V7J5C_p1262_EOG7V7J5G_p1266_EOG7V7J61_p1277_EOG7VBDFC_p1278_EOG7VBDFP_p1284_EOG7VF8P3_p1360_EOG7WXB8K_p1389_EOG7XDPF4_p1390_EOG7XDPFS_p1394_EOG7XHJPK_p1398_EOG7XQ94R_p1415_EOG7Z0WW4_p1418_EOG7Z3S49_p1427_EOG7Z9HK5_p1428_EOG7Z9HK7_p1462_EOG7ZSVSV
7	DNA	33	13761	742	12171	TVM+F+G4	p8_EOG703GH6_p9_EOG706BPT_p47_EOG70SK66_p67_EOG71624D_p128_EOG72CH0C_p136_EOG72K7F9_p185_EOG73ZDS9_p190_EOG73ZDTR_p195_EOG742936_p208_EOG74BWRD_p214_EOG74JN70_p244_EOG7520DX_p249_EOG754VNG_p270_EOG75FGDN_p275_EOG75JBMC_p311_EOG764K2T_p396_EOG77QGVZ_p439_EOG78HFST_p464_EOG793P72_p496_EOG79M1FQ_p536_EOG7BGVK9_p540_EOG7BKQSZ_p549_EOG7BSG93_p564_EOG7C330Z_p567_EOG7C5Z7R_p573_EOG7CCPQ2_p574_EOG7CCPQB_p588_EOG7CKF7B_p617_EOG7D8HVV_p622_EOG7DG8BQ_p629_EOG7DK4KB_p631_EOG7DK4KH_p673_EOG7FFZQM_p674_EOG7FFZRD_p746_EOG7GV53K_p756_EOG7H1WKZ_p811_EOG7HXQRD_p947_EOG7MWTXB_p978_EOG7N99VJ_p993_EOG7NKXKS_p1049_EOG7PSCDJ_p1058_EOG7Q03WB_p1067_EOG7Q304Z_p1070_EOG7Q305H_p1089_EOG7QCKVT_p1091_EOG7QCKW0_p1121_EOG7R5JRQ_p1125_EOG7R8F0X_p1178_EOG7SFVVR_p1192_EOG7SRGKR_p1202_EOG7T23B3_p1205_EOG7T4ZJD_p1211_EOG7TBQ15_p1219_EOG7TFK86_p1287_EOG7VJ4W7_p1311_EOG7W1H3C_p1318_EOG7W77K1_p1345_EOG7WQKRM_p1350_EOG7WTG0H_p1378_EOG7X6XZV_p1412_EOG7Z0WVB_p1447_EOG7ZM495_p1448_EOG7ZM49C_p1460_EOG7ZSVS4
8		33	15924	1549	13120	K3Pu+F+R2	p12_EOG706BQ7_p29_EOG70GZDR_p31_EOG70GZFQ_p48_EOG70SK69_p71_EOG718XBW_p84_EOG71GNTS_p137_EOG72K7FC_p145_EOG72P3Q3_p161_EOG735FX0_p210_EOG74BWRR_p220_EOG74NHFV_p280_EOG75N6V9_p337_EOG76J22C_p342_EOG76QSGG_p346_EOG76QSHB_p349_EOG76TNQN_p359_EOG76XJ0T_p413_EOG783ZTR_p419_EOG786V37_p434_EOG78DKJX_p465_EOG793P7J_p519_EOG7B67W0_p530_EOG7BD0BX_p596_EOG7CS5NW_p645_EOG7DVRB1_p647_EOG7DZMJ4_p649_EOG7DZMJZ_p690_EOG7FVFQ9_p691_EOG7FZ9XM_p771_EOG7HBH8M_p784_EOG7HJ7RS_p787_EOG7HN410_p809_EOG7HXQR0_p810_EOG7HXQR2_p818_EOG7J4G60_p830_EOG7JB6PD_p833_EOG7JF2X1_p843_EOG7JMTD8_p878_EOG7K9X2M_p913_EOG7M10QF_p917_EOG7M3VZB_p925_EOG7M9MGW_p932_EOG7MM759_p939_EOG7MQ3F6_p953_EOG7N0Q51_p981_EOG7ND631_p989_EOG7NH2BH_p996_EOG7NPSSC_p1014_EOG7P38S7_p1047_EOG7PPH6T_p1052_EOG7PSCFT_p1093_EOG7QGG3Z_p1179_EOG7SFVWD_p1187_EOG7SNMBK_p1203_EOG7T23C0_p1241_EOG7TR617_p1270_EOG7VBDDC_p1283_EOG7VF8NR_p1322_EOG7W77M3_p1338_EOG7WMQHW_p1346_EOG7WQKRP_p1417_EOG7Z3S3V_p1440_EOG7ZDCV7_p1464_EOG7ZWR2D
9	DNA	33	23466	1487	20190	TIM2+F+G4	p14_EOG706BQQ_p43_EOG70SK4Z_p59_EOG716239_p73_EOG718XCB_p101_EOG71W4RQ_p123_EOG72CGZF_p146_EOG72P3QD_p148_EOG72RZXC_p159_EOG735FW1_p179_EOG73RPBC_p198_EOG745595_p200_EOG74559H_p206_EOG7481J0_p215_EOG74JN7M_p239_EOG74Z46F_p245_EOG7520DZ_p274_EOG75JBMB_p276_EOG75JBMD_p292_EOG75TZC7_p298_EOG761PT8_p316_EOG767F9G_p318_EOG767F9P_p327_EOG76F5RM_p336_EOG76J20X_p338_EOG76J22K_p381_EOG77DW5M_p411_EOG783ZT8_p425_EOG789QB1_p429_EOG78DKJ1_p443_EOG78Q682_p457_EOG790T0H_p466_EOG796JFH_p468_EOG796JFR_p504_EOG79WN4H_p517_EOG7B67VJ_p521_EOG7B9439_p523_EOG7B943T_p525_EOG7B944Z_p529_EOG7BD0B8_p565_EOG7C3313_p572_EOG7C8THB_p584_EOG7CKF64_p592_EOG7CP9G3_p594_EOG7CP9GQ_p595_EOG7CS5NT_p604_EOG7CZX4R_p633_EOG7DK4M1_p636_EOG7DP0TK_p654_EOG7F2GSG_p661_EOG7F5C1Q_p687_EOG7FRKFK_p696_EOG7G52D4_p708_EOG7G7XQ7_p719_EOG7GFP43_p740_EOG7GR8V9_p747_EOG7GV544_p772_EOG7HBH91_p773_EOG7HBH94_p827_EOG7JB6NZ_p865_EOG7K45KV_p893_EOG7KHNJS_p903_EOG7KQD0T_p940_EOG7MSZMW_p958_EOG7N3KBW_p1002_EOG7NSP29_p1025_EOG7P917N_p1030_EOG7P9181_p1033_EOG7PCWGV_p1051_EOG7PSCFB_p1056_EOG7PW7PD_p1075_EOG7Q5VCX_p1108_EOG7QS2TT_p1117_EOG7QZT96_p1164_EOG7S2CX0_p1184_EOG7SJR4D_p1196_EOG7SZ72R_p1228_EOG7TJFHF_p1229_EOG7TJFHG_p1259_EOG7V4NZN_p1282_EOG7VF8NM_p1288_EOG7VJ4W9_p1295_EOG7VN157_p1302_EOG7VTRMD_p1314_EOG7W4C9X_p1330_EOG7WF01K_p1339_EOG7WMQJ1_p1340_EOG7WMQJB_p1343_EOG7WQKRB_p1362_EOG7X16GF_p1364_EOG7X16GV_p1385_EOG7X9T6Z_p1388_EOG7XDPDV_p1404_EOG7XT5DC_p1441_EOG7ZDCVB_p1452_EOG7ZQ0J9_p1459_EOG7ZSVS1
10	DNA	33	7452	1260	5378	TIM3+F+R3	p15_EOG7096Z6_p52_EOG70WFDK_p58_EOG716232_p79_EOG71CSM5_p85_EOG71GNV6_p218_EOG74JN83_p283_EOG75N6VQ_p353_EOG76TNS3_p490_EOG79M1DP_p555_EOG7BWBJ3_p569_EOG7C5Z83_p583_EOG7CKF62_p705_EOG7G7XNJ_p722_EOG7GFP51_p736_EOG7GNDMR_p858_EOG7JXF41_p859_EOG7JXF4T_p869_EOG7K45MP_p900_EOG7KMHSW_p920_EOG7M3W1M_p931_EOG7MM758_p941_EOG7MSZMX_p1092_EOG7QGG38_p1150_EOG7RRS7R_p1264_EOG7V7J5T_p1299_EOG7VQWDS_p1334_EOG7WF02G_p1416_EOG7Z0WWC
11	DNA	33	3042	300	2471	HKY+F+R2	p18_EOG7096ZV_p32_EOG70KTPC_p83_EOG71GNT7_p295_EOG75XTKV_p379_EOG77DW5C_p453_EOG78WXQT_p551_EOG7BSG98_p554_EOG7BWBHH_p887_EOG7KDSB1_p957_EOG7N3KBS_p968_EOG7N6FMB_p1008_EOG7NWJ93_p1031_EOG7P9186_p1161_EOG7RZHPQ_p1218_EOG7TFK85_p1442_EOG7ZDCVC
12	DNA	33	13851	975	11885	GTR+F+G4	p19_EOG709702_p23_EOG70D35X_p36_EOG70PPWX_p38_EOG70PPXD_p63_EOG71623P_p72_EOG718XC0_p94_EOG71S8J3_p168_EOG73G2M7_p203_EOG7481H5_p216_EOG74JN7N_p262_EOG75BM56_p284_EOG75N6W1_p308_EOG764K28_p340_EOG76MX7P_p371_EOG7774Q7_p378_EOG77DW53_p421_EOG786V3F_p469_EOG796JFV_p470_EOG796JG0_p491_EOG79M1F3_p505_EOG79WN4Z_p528_EOG7BD0B3_p547_EOG7BSG8M_p598_EOG7CS5PB_p652_EOG7F2GS0_p684_EOG7FNQ71_p751_EOG7H1WK1_p780_EOG7HFCHW_p829_EOG7JB6PB_p873_EOG7K71TT_p885_EOG7KDS9P_p951_EOG7N0Q4R_p965_EOG7N6FKX_p976_EOG7N99V0_p1009_EOG7P0DGZ_p1028_EOG7P917S_p1037_EOG7PGRPQ_p1057_EOG7PW7PQ_p1078_EOG7Q5VDP_p1122_EOG7R5JRW_p1158_EOG7RZHP9_p1242_EOG7TV26N_p1249_EOG7TXXGD_p1257_EOG7V4NXR_p1312_EOG7W1H3F_p1354_EOG7WTG19_p1393_EOG7XHJP8_p1457_EOG7ZSVRS
13	DNA	33	9861	675	8410	TN+F+I+G4	p24_EOG70D365_p49_EOG70SK6H_p65_EOG71623W_p68_EOG718XB6_p86_EOG71GNVF_p152_EOG72VV6C_p188_EOG73ZDTF_p196_EOG74558B_p213_EOG74JN6W_p358_EOG76XJ0Q_p367_EOG7748FV_p373_EOG77B0X2_p384_EOG77HRCZ_p498_EOG79PWNH_p537_EOG7BGVKD_p593_EOG7CP9G8_p618_EOG7D8HWH_p641_EOG7DRW2C_p646_EOG7DZMHX_p670_EOG7FC3GZ_p779_EOG7HFCHT_p839_EOG7JHZ62_p854_EOG7JTJX3_p870_EOG7K71T4_p872_EOG7K71T6_p879_EOG7K9X2W_p886_EOG7KDS9Z_p901_EOG7KMHV2_p916_EOG7M10RR_p945_EOG7MWTW1_p962_EOG7N6FKP_p1029_EOG7P9180_p1048_EOG7PSCDF_p1082_EOG7Q8QMP_p1085_EOG7Q8QNJ_p1095_EOG7QKBBH_p1124_EOG7R8F0H_p1222_EOG7TFK91_p1245_EOG7TV274_p1253_EOG7V1SPW_p1273_EOG7VBDDQ_p1309_EOG7VXMVW_p1310_EOG7W1H2W_p1333_EOG7WF027_p1341_EOG7WMQJD_p1376_EOG7X6XZK_p1379_EOG7X6XZZ_p1426_EOG7Z6NDG
14	DNA	33	20910	1928	16076	TIM3+F+G4	p25_EOG70D36D_p26_EOG70D36G_p40_EOG70PPXP_p88_EOG71KJ2V_p93_EOG71PD9X_p102_EOG71W4RT_p110_EOG722W7T_p118_EOG728MQJ_p122_EOG728MRV_p127_EOG72CGZV_p170_EOG73JXTK_p172_EOG73JXVK_p186_EOG73ZDT5_p207_EOG7481J2_p221_EOG74NHG6_p237_EOG74Z45M_p271_EOG75JBM2_p277_EOG75JBN4_p279_EOG75JBNW_p310_EOG764K2K_p361_EOG771D76_p362_EOG771D7T_p368_EOG7748G6_p393_EOG77MMNM_p398_EOG77QGW3_p399_EOG77QGX7_p428_EOG789QBV_p440_EOG78MB1C_p441_EOG78Q67X_p444_EOG78Q68G_p452_EOG78T2J4_p472_EOG799DPN_p502_EOG79SRWR_p524_EOG7B9441_p534_EOG7BGVJT_p597_EOG7CS5P0_p619_EOG7D8HWW_p634_EOG7DP0T3_p671_EOG7FC3H5_p679_EOG7FJV19_p728_EOG7GJJCS_p737_EOG7GNDN5_p742_EOG7GR8VK_p757_EOG7H4RSS_p770_EOG7HBH8K_p834_EOG7JF2XW_p846_EOG7JMTDT_p852_EOG7JTJW3_p884_EOG7KDS9N_p894_EOG7KHNJV_p904_EOG7KQD17_p905_EOG7KQD1D_p914_EOG7M10QG_p918_EOG7M3VZS_p954_EOG7N0Q5C_p977_EOG7N99V4_p986_EOG7NH29H_p997_EOG7NPSSK_p1019_EOG7P916T_p1023_EOG7P917C_p1039_EOG7PGRQQ_p1071_EOG7Q305J_p1077_EOG7Q5VDH_p1114_EOG7QVZ2T_p1137_EOG7RK1QF_p1165_EOG7S584W_p1169_EOG7S84CV_p1175_EOG7SC0N2_p1188_EOG7SNMCH_p1224_EOG7TFK98_p1246_EOG7TV279_p1260_EOG7V4P01_p1305_EOG7VTRNH_p1336_EOG7WHVB0_p1344_EOG7WQKRF_p1391_EOG7XDPGN_p1408_EOG7XX1N5_p1437_EOG7ZDCTT_p1453_EOG7ZQ0JK_p1455_EOG7ZQ0K5
15	DNA	33	8328	543	7130	TPM2+F+I+G4	p30_EOG70GZFG_p76_EOG71CSK6_p116_EOG725RHP_p144_EOG72P3PZ_p150_EOG72VV5J_p162_EOG735FXT_p173_EOG73JXW4_p183_EOG73VJKF_p231_EOG74RCQW_p290_EOG75TZBS_p401_EOG77QGXV_p415_EOG783ZV8_p423_EOG789Q98_p437_EOG78HFSB_p450_EOG78T2H6_p485_EOG79H56F_p512_EOG7B3CMF_p559_EOG7C06RR_p570_EOG7C8TGD_p627_EOG7DG8CQ_p700_EOG7G52DV_p725_EOG7GJJC6_p726_EOG7GJJCF_p727_EOG7GJJCH_p734_EOG7GNDMK_p798_EOG7HR08V_p995_EOG7NPSS9_p1006_EOG7NWJ8M_p1032_EOG7PCWFZ_p1081_EOG7Q8QMK_p1162_EOG7RZHPX_p1176_EOG7SC0N5_p1186_EOG7SJR4M_p1244_EOG7TV273_p1316_EOG7W4CC3_p1319_EOG7W77K7_p1375_EOG7X6XZH_p1380_EOG7X9T5X_p1402_EOG7XT5CT_p1436_EOG7ZDCT8
16	DNA	33	17424	1055	14953	HKY+F+G4	p33_EOG70KTPJ_p64_EOG71623R_p99_EOG71W4RK_p107_EOG72011Q_p119_EOG728MQN_p160_EOG735FWC_p164_EOG738B4H_p171_EOG73JXVH_p259_EOG757QXH_p266_EOG75FGCB_p281_EOG75N6VG_p293_EOG75XTJR_p331_EOG76F5RV_p332_EOG76F5SN_p350_EOG76TNQT_p355_EOG76XHZG_p383_EOG77HRCW_p392_EOG77MMN9_p397_EOG77QGW0_p407_EOG77X7C1_p467_EOG796JFM_p482_EOG79H55J_p501_EOG79SRWN_p541_EOG7BKQTT_p581_EOG7CGK0G_p601_EOG7CS5PZ_p624_EOG7DG8BT_p750_EOG7H1WJG_p766_EOG7H7N21_p793_EOG7HR078_p794_EOG7HR079_p804_EOG7HTVH7_p807_EOG7HXQQR_p866_EOG7K45KW_p867_EOG7K45M0_p964_EOG7N6FKR_p973_EOG7N99TH_p1001_EOG7NPSTD_p1004_EOG7NSP2S_p1035_EOG7PCWHC_p1042_EOG7PKMZW_p1046_EOG7PPH67_p1060_EOG7Q03WJ_p1141_EOG7RNWZ8_p1151_EOG7RVNF1_p1217_EOG7TFK80_p1231_EOG7TJFHS_p1236_EOG7TR605_p1281_EOG7VF8ND_p1285_EOG7VF8PP_p1315_EOG7W4CB1_p1320_EOG7W77KF_p1332_EOG7WF01V_p1335_EOG7WHV8H_p1370_EOG7X42QW_p1406_EOG7XT5DQ_p1409_EOG7XX1ND_p1422_EOG7Z6NBT_p1423_EOG7Z6NC4_p1433_EOG7Z9HMB_p1443_EOG7ZH820_p1444_EOG7ZH823_p1451_EOG7ZQ0J6_p1461_EOG7ZSVSN
17	DNA	33	2787	550	1769	TN+F+R3	p41_EOG70PQ06_p205_EOG7481HV_p325_EOG76B9K2_p433_EOG78DKJH_p568_EOG7C5Z80_p648_EOG7DZMJG_p1068_EOG7Q3054_p1129_EOG7RC98N
18	DNA	33	14703	891	12828	TVM+F+G4	p42_EOG70SK4K_p60_EOG71623F_p66_EOG716242_p69_EOG718XBC_p105_EOG71W4TC_p154_EOG72ZQDR_p166_EOG73C6CZ_p209_EOG74BWRM_p219_EOG74NHFR_p235_EOG74V803_p250_EOG754VNM_p255_EOG757QWK_p256_EOG757QWS_p278_EOG75JBN5_p330_EOG76F5RQ_p360_EOG771D61_p456_EOG790T01_p514_EOG7B67TS_p515_EOG7B67TX_p557_EOG7C06RM_p616_EOG7D5NNP_p621_EOG7DG8B9_p628_EOG7DK4K9_p638_EOG7DP0V9_p650_EOG7DZMM5_p678_EOG7FJV0M_p720_EOG7GFP49_p745_EOG7GV52S_p748_EOG7GV54D_p752_EOG7H1WK6_p759_EOG7H4RT2_p760_EOG7H4RT8_p815_EOG7J1KZV_p826_EOG7JB6NV_p832_EOG7JF2WM_p883_EOG7KDS9K_p889_EOG7KHNHT_p909_EOG7KT88M_p910_EOG7KX4GK_p942_EOG7MSZMZ_p944_EOG7MWTVV_p948_EOG7N0Q3N_p955_EOG7N0Q5H_p974_EOG7N99TP_p994_EOG7NPSS8_p1038_EOG7PGRQ0_p1045_EOG7PPH61_p1063_EOG7Q3048_p1107_EOG7QS2TH_p1118_EOG7QZT9B_p1123_EOG7R8F0C_p1190_EOG7SRGKC_p1201_EOG7T239Z_p1232_EOG7TN9R1_p1233_EOG7TN9R6_p1269_EOG7VBDDB_p1296_EOG7VQWC0_p1323_EOG7W77MG_p1351_EOG7WTG0V_p1353_EOG7WTG12_p1365_EOG7X42Q0_p1366_EOG7X42Q2_p1382_EOG7X9T64_p1401_EOG7XQ96C
19	DNA	33	13668	586	12476	GTR+F+I+G4	p50_EOG70WFCB_p78_EOG71CSKZ_p103_EOG71W4S7_p112_EOG722W8D_p114_EOG725RGF_p176_EOG73NT43_p180_EOG73VJJ5_p189_EOG73ZDTQ_p236_EOG74Z45J_p273_EOG75JBM7_p291_EOG75TZBW_p333_EOG76F5SP_p369_EOG7774NZ_p375_EOG77B0XW_p380_EOG77DW5D_p400_EOG77QGXP_p473_EOG799DPP_p476_EOG799DQP_p495_EOG79M1FM_p497_EOG79PWN8_p516_EOG7B67VB_p538_EOG7BGVKX_p558_EOG7C06RN_p586_EOG7CKF6T_p602_EOG7CW1WN_p635_EOG7DP0TF_p659_EOG7F5C19_p666_EOG7F878Q_p681_EOG7FNQ6P_p692_EOG7FZ9XZ_p733_EOG7GNDM1_p786_EOG7HN40X_p813_EOG7J1KZ7_p844_EOG7JMTDK_p849_EOG7JTJVF_p864_EOG7K45KC_p891_EOG7KHNJJ_p896_EOG7KMHS2_p922_EOG7M9MFH_p937_EOG7MQ3DM_p943_EOG7MSZN1_p960_EOG7N3KCB_p979_EOG7N99VT_p992_EOG7NKXJD_p1010_EOG7P0DH1_p1016_EOG7P650Q_p1034_EOG7PCWGW_p1059_EOG7Q03WG_p1100_EOG7QP6KF_p1145_EOG7RNX0H_p1156_EOG7RVNGK_p1166_EOG7S5852_p1239_EOG7TR60R_p1243_EOG7TV272_p1265_EOG7V7J5Z_p1301_EOG7VTRMB_p1306_EOG7VXMTW_p1324_EOG7WB3T1_p1337_EOG7WMQHS_p1359_EOG7WXB8G_p1381_EOG7X9T61_p1424_EOG7Z6NCP_p1430_EOG7Z9HKS_p1432_EOG7Z9HM3
20	DNA	33	14631	1205	12380	TIM2+F+G4	p54_EOG7135V8_p62_EOG71623K_p91_EOG71KJ3C_p108_EOG72011T_p126_EOG72CGZT_p130_EOG72GC69_p156_EOG72ZQFF_p177_EOG73RP9P_p187_EOG73ZDT7_p252_EOG754VP4_p299_EOG761PTB_p303_EOG764K1M_p341_EOG76MX8T_p343_EOG76QSGM_p370_EOG7774PB_p372_EOG77B0X1_p387_EOG77HRDP_p395_EOG77QGVP_p409_EOG77X7D3_p416_EOG786V2C_p451_EOG78T2H9_p503_EOG79SRX7_p518_EOG7B67VK_p527_EOG7BD09V_p546_EOG7BSG8H_p563_EOG7C330M_p640_EOG7DRW26_p643_EOG7DVR93_p655_EOG7F2GSH_p657_EOG7F5C0S_p662_EOG7F5C1W_p664_EOG7F8787_p672_EOG7FC3H8_p677_EOG7FJV06_p716_EOG7GFP3V_p739_EOG7GR8TX_p783_EOG7HJ7RJ_p795_EOG7HR07G_p805_EOG7HXQQ8_p820_EOG7J4G69_p835_EOG7JF2ZM_p836_EOG7JHZ4M_p874_EOG7K71V0_p890_EOG7KHNJ1_p892_EOG7KHNJR_p924_EOG7M9MG8_p933_EOG7MM75H_p936_EOG7MQ3D0_p998_EOG7NPSSN_p1011_EOG7P0DH8_p1020_EOG7P916W_p1036_EOG7PGRPM_p1054_EOG7PW7NM_p1083_EOG7Q8QMR_p1116_EOG7QZT92_p1130_EOG7RC98T_p1134_EOG7RG5H6_p1194_EOG7SVBTF_p1280_EOG7VF8NC_p1317_EOG7W77JX_p1371_EOG7X42RJ_p1383_EOG7X9T65_p1386_EOG7X9T72_p1438_EOG7ZDCTV
21	DNA	33	8160	702	6872	TN+F+G4	p61_EOG71623J_p134_EOG72GC7G_p141_EOG72P3P7_p178_EOG73RP9Q_p202_EOG7481H4_p240_EOG7520DM_p242_EOG7520DV_p288_EOG75TZB5_p322_EOG76B9HW_p402_EOG77TC3F_p446_EOG78Q690_p475_EOG799DQH_p507_EOG7B0HCD_p543_EOG7BPM2G_p553_EOG7BSG9H_p575_EOG7CCPQD_p599_EOG7CS5PK_p611_EOG7D2SF6_p620_EOG7DCD3V_p686_EOG7FNQ7H_p701_EOG7G52F2_p717_EOG7GFP3Z_p868_EOG7K45M5_p906_EOG7KQD1Q_p929_EOG7MHBZ7_p1103_EOG7QS2SV_p1133_EOG7RG5GX_p1152_EOG7RVNF3_p1199_EOG7SZ73H_p1271_EOG7VBDDD_p1303_EOG7VTRMH_p1357_EOG7WXB79
22	DNA	32	963	348	445	TVM+F+R2	p74_EOG718XCS_p153_EOG72ZQDD_p712_EOG7GBSWM_p860_EOG7K19B9_p875_EOG7K71V5_p1189_EOG7SNMCK
23	DNA	33	6201	518	3238	TPM3+F	p75_EOG71CSK4_p87_EOG71KJ1Z_p92_EOG71KJ3S_p104_EOG71W4SS_p121_EOG728MRF_p151_EOG72VV67_p260_EOG75BM4P_p339_EOG76MX7N_p345_EOG76QSH5_p365_EOG7748FN_p418_EOG786V2P_p442_EOG78Q67Z_p479_EOG79D8XZ_p489_EOG79M1DH_p587_EOG7CKF71_p590_EOG7CP9F8_p665_EOG7F878P_p667_EOG7F878S_p724_EOG7GJJC5_p799_EOG7HTVG1_p808_EOG7HXQQZ_p824_EOG7J7BDV_p857_EOG7JXF3T_p898_EOG7KMHS4_p1055_EOG7PW7NW_p1088_EOG7QCKVC_p1098_EOG7QP6JV_p1142_EOG7RNWZC_p1170_EOG7S84CZ_p1313_EOG7W4C9Q_p1392_EOG7XHJP4_p1450_EOG7ZQ0J5
24		33	1719	690	879	K3Pu+F+I	p81_EOG71CSMW_p95_EOG71S8J8_p124_EOG72CGZJ_p135_EOG72GC7Z_p391_EOG77MMN0_p991_EOG7NKXJ8_p1105_EOG7QS2T0_p1209_EOG7T7TT5
25	DNA	33	3696	603	2512	TN+F+R3	p89_EOG71KJ2Z_p138_EOG72K7G8_p234_EOG74V7ZN_p282_EOG75N6VJ_p354_EOG76XHZ6_p435_EOG78DKK9_p481_EOG79D8ZK_p577_EOG7CCPR3_p685_EOG7FNQ76_p743_EOG7GR8VQ_p853_EOG7JTJW7_p880_EOG7K9X36_p882_EOG7KDS96_p1252_EOG7V1SPG_p1279_EOG7VF8N9_p1325_EOG7WB3TF
26	DNA	33	6678	418	5804	TIM2+F+I+G4	p106_EOG72010R_p109_EOG720125_p222_EOG74NHGG_p228_EOG74RCQ5_p247_EOG7520FM_p294_EOG75XTK5_p390_EOG77MMMS_p644_EOG7DVR9H_p699_EOG7G52DH_p762_EOG7H7N1C_p781_EOG7HFCHZ_p788_EOG7HN41B_p791_EOG7HR071_p902_EOG7KQD0K_p930_EOG7MM750_p935_EOG7MM76V_p938_EOG7MQ3DX_p946_EOG7MWTWM_p956_EOG7N3KBQ_p1066_EOG7Q304S_p1073_EOG7Q5VCD_p1087_EOG7QCKV3_p1102_EOG7QS2SS_p1126_EOG7R8F0Z_p1148_EOG7RRS6Z_p1157_EOG7RZHP6_p1193_EOG7SRGMC_p1286_EOG7VF8PQ_p1297_EOG7VQWCC_p1369_EOG7X42QS_p1396_EOG7XMDWX_p1446_EOG7ZM492
27	DNA	32	1848	272	1431	HKY+F+R2	p117_EOG725RHV_p297_EOG75XTMD_p608_EOG7D2SD5_p828_EOG7JB6P8_p927_EOG7MHBXV_p1021_EOG7P9171_p1263_EOG7V7J5S_p1368_EOG7X42QG
28	DNA	33	3750	588	2787	TPM2+F+R3	p149_EOG72RZXR_p174_EOG73NT2F_p175_EOG73NT36_p212_EOG74FS1C_p217_EOG74JN81_p312_EOG767F8Q_p356_EOG76XHZV_p364_EOG7748FH_p374_EOG77B0X3_p427_EOG789QBQ_p609_EOG7D2SDJ_p680_EOG7FNQ6M_p729_EOG7GJJD2_p848_EOG7JQPNM_p1101_EOG7QP6M7_p1111_EOG7QVZ25
29	DNA	33	3681	692	2537	TN+F+R3	p184_EOG73VJM9_p296_EOG75XTMB_p576_EOG7CCPQT_p578_EOG7CCPR9_p637_EOG7DP0V4_p694_EOG7FZ9ZM_p715_EOG7GBSX8_p744_EOG7GR8VZ_p845_EOG7JMTDN_p967_EOG7N6FM7_p988_EOG7NH2BG_p1168_EOG7S5861_p1183_EOG7SJR48_p1215_EOG7TBQ29_p1223_EOG7TFK96_p1373_EOG7X6XZ5
30	DNA	33	2826	184	2317	HKY+F+G4	p204_EOG7481HP_p238_EOG74Z46B_p410_EOG7813KT_p520_EOG7B9430_p861_EOG7K19BF_p1064_EOG7Q304B_p1099_EOG7QP6K6_p1147_EOG7RRS63_p1195_EOG7SVBVV_p1274_EOG7VBDDV_p1292_EOG7VJ4Z8_p1352_EOG7WTG0X
31		33	1860	236	966	K3Pu+F+G4	p224_EOG74RCPT_p414_EOG783ZTZ_p987_EOG7NH29M_p1096_EOG7QKBCD_p1115_EOG7QZT8V_p1191_EOG7SRGKD_p1256_EOG7V4NXK_p1445_EOG7ZH82H
32		33	930	35	868	K3Pu+F+R3	p233_EOG74V7XW_p313_EOG767F8T_p352_EOG76TNRT_p484_EOG79H55T
33		32	735	271	417	K3Pu+F+I	p438_EOG78HFSM_p493_EOG79M1F6_p949_EOG7N0Q3Q_p1414_EOG7Z0WW2
34	DNA	33	1908	146	1303	HKY+F+G4	p448_EOG78Q69Q_p688_EOG7FRKGD_p709_EOG7GBSVZ_p959_EOG7N3KBZ_p969_EOG7N6FMD_p1065_EOG7Q304J
35	DNA	29	405	56	323	TN+F+R3	p463_EOG793P6W_p1419_EOG7Z6NBB
36	DNA	33	726	153	528	HKY+F+I+G4	p531_EOG7BD0CM_p1074_EOG7Q5VCJ_p1110_EOG7QVZ1P_p1255_EOG7V1SR5
37	DNA	22	141	60	74	GTR+F+I+G4	p730_EOG7GNDKS_p838_EOG7JHZ5H
Degree of missing data: 0.001
Info: multi-threading strategy over partitions


Create initial parsimony tree by phylogenetic likelihood library (PLL)... 0.087 seconds
Generating 1000 samples for ultrafast bootstrap (seed: 749768)...

NOTE: 648 MB RAM (0 GB) is required!
Measuring multi-threading efficiency up to 22 CPU cores
Increase to 10 rounds for branch lengths
7 trees examined
Threads: 1 / Time: 25.217 sec / Speedup: 1.000 / Efficiency: 100% / LogL: -1219953
Threads: 2 / Time: 13.442 sec / Speedup: 1.876 / Efficiency: 94% / LogL: -1219953
Threads: 3 / Time: 10.654 sec / Speedup: 2.367 / Efficiency: 79% / LogL: -1219953
Threads: 4 / Time: 9.647 sec / Speedup: 2.614 / Efficiency: 65% / LogL: -1219953
Threads: 5 / Time: 8.465 sec / Speedup: 2.979 / Efficiency: 60% / LogL: -1219953
Threads: 6 / Time: 8.337 sec / Speedup: 3.025 / Efficiency: 50% / LogL: -1219953
Threads: 7 / Time: 7.395 sec / Speedup: 3.410 / Efficiency: 49% / LogL: -1219953
BEST NUMBER OF THREADS: 5

Estimate model parameters (epsilon = 0.100)
Initial log-likelihood: -1043086.412
Current log-likelihood at step 1: -1000707.680
Current log-likelihood at step 2: -993424.391
Current log-likelihood at step 3: -990808.405
Current log-likelihood at step 4: -990289.211
Current log-likelihood at step 5: -989867.712
Current log-likelihood at step 6: -989770.705
Current log-likelihood at step 7: -989719.260
Current log-likelihood at step 8: -989681.778
Current log-likelihood at step 9: -989653.072
Current log-likelihood at step 10: -989629.730
Current log-likelihood at step 11: -989610.782
Current log-likelihood at step 12: -989594.093
Current log-likelihood at step 13: -989578.645
Current log-likelihood at step 14: -989564.417
Current log-likelihood at step 15: -989552.295
Current log-likelihood at step 16: -989541.555
Current log-likelihood at step 17: -989532.048
Current log-likelihood at step 18: -989523.459
Current log-likelihood at step 19: -989515.847
Current log-likelihood at step 20: -989508.972
Current log-likelihood at step 21: -989502.845
Current log-likelihood at step 22: -989497.256
Current log-likelihood at step 23: -989492.174
Current log-likelihood at step 24: -989487.491
Current log-likelihood at step 25: -989483.595
Current log-likelihood at step 26: -989479.962
Current log-likelihood at step 27: -989476.457
Current log-likelihood at step 28: -989473.017
Current log-likelihood at step 29: -989469.583
Current log-likelihood at step 30: -989466.068
Current log-likelihood at step 31: -989462.441
Current log-likelihood at step 32: -989458.631
Current log-likelihood at step 33: -989454.703
Current log-likelihood at step 34: -989450.450
Current log-likelihood at step 35: -989446.059
Current log-likelihood at step 36: -989441.303
Current log-likelihood at step 37: -989436.357
Current log-likelihood at step 38: -989430.961
Current log-likelihood at step 39: -989425.407
Current log-likelihood at step 40: -989419.477
Current log-likelihood at step 41: -989413.364
Current log-likelihood at step 42: -989407.320
Current log-likelihood at step 43: -989401.788
Current log-likelihood at step 44: -989397.081
Current log-likelihood at step 45: -989392.923
Current log-likelihood at step 46: -989389.167
Current log-likelihood at step 47: -989385.616
Current log-likelihood at step 48: -989382.372
Current log-likelihood at step 49: -989379.299
Current log-likelihood at step 50: -989376.541
Current log-likelihood at step 51: -989374.034
Current log-likelihood at step 52: -989371.765
Current log-likelihood at step 53: -989369.739
Current log-likelihood at step 54: -989367.935
Current log-likelihood at step 55: -989366.325
Current log-likelihood at step 56: -989364.901
Current log-likelihood at step 57: -989363.626
Current log-likelihood at step 58: -989362.479
Current log-likelihood at step 59: -989361.426
Current log-likelihood at step 60: -989360.449
Current log-likelihood at step 61: -989359.544
Current log-likelihood at step 62: -989358.687
Current log-likelihood at step 63: -989357.872
Current log-likelihood at step 64: -989357.088
Current log-likelihood at step 65: -989356.329
Current log-likelihood at step 66: -989355.599
Current log-likelihood at step 67: -989354.894
Current log-likelihood at step 68: -989354.200
Current log-likelihood at step 69: -989353.529
Current log-likelihood at step 70: -989352.876
Current log-likelihood at step 71: -989352.238
Current log-likelihood at step 72: -989351.613
Current log-likelihood at step 73: -989351.004
Current log-likelihood at step 74: -989350.410
Current log-likelihood at step 75: -989349.834
Current log-likelihood at step 76: -989349.266
Current log-likelihood at step 77: -989348.714
Current log-likelihood at step 78: -989348.167
Current log-likelihood at step 79: -989347.635
Current log-likelihood at step 80: -989347.112
Current log-likelihood at step 81: -989346.597
Current log-likelihood at step 82: -989346.094
Current log-likelihood at step 83: -989345.599
Current log-likelihood at step 84: -989345.110
Current log-likelihood at step 85: -989344.634
Current log-likelihood at step 86: -989344.163
Current log-likelihood at step 87: -989343.706
Current log-likelihood at step 88: -989343.254
Current log-likelihood at step 89: -989342.809
Current log-likelihood at step 90: -989342.371
Current log-likelihood at step 91: -989341.943
Current log-likelihood at step 92: -989341.522
Current log-likelihood at step 93: -989341.107
Current log-likelihood at step 94: -989340.701
Current log-likelihood at step 95: -989340.298
Current log-likelihood at step 96: -989339.905
Current log-likelihood at step 97: -989339.518
Current log-likelihood at step 98: -989339.144
Current log-likelihood at step 99: -989338.772
Partition-specific rates:  0.278 0.394 0.315 0.333 1.007 0.515 0.279 0.557 0.368 2.771 0.734 0.381 0.431 0.626 0.404 0.355 2.392 0.308 0.247 0.441 0.436 11.978 1.198 2.245 1.453 0.385 1.290 5.277 5.759 0.491 2.079 0.880 3.679 0.906 4.176 81.301 400.945
Parameters optimization took 99 rounds (58.800 sec)

Computing ML distances based on estimated model parameters...
Computing ML distances took 0.009979 sec (of wall-clock time) 0.016886 sec(of CPU time)
WARNING: Some pairwise ML distances are too long (saturated)
Computing RapidNJ tree took 0.046896 sec (of wall-clock time) 0.000000 sec (of CPU time)
Log-likelihood of RapidNJ tree: -1120454.337
--------------------------------------------------------------------
|             INITIALIZING CANDIDATE TREE SET                      |
--------------------------------------------------------------------
Generating 98 parsimony trees... 9.849 second
Computing log-likelihood of 98 initial trees ... 15.126 seconds
Current best score: -989338.772

Do NNI search on 20 best initial trees
Estimate model parameters (epsilon = 0.100)
Initial log-likelihood: -989061.448
Current log-likelihood at step 1: -989058.355
Current log-likelihood at step 2: -989057.678
Current log-likelihood at step 3: -989057.130
Current log-likelihood at step 4: -989056.668
Current log-likelihood at step 5: -989056.266
Current log-likelihood at step 6: -989055.879
Current log-likelihood at step 7: -989055.504
Current log-likelihood at step 8: -989055.145
Current log-likelihood at step 9: -989054.789
Current log-likelihood at step 10: -989054.448
Current log-likelihood at step 11: -989054.116
Current log-likelihood at step 12: -989053.798
Current log-likelihood at step 13: -989053.488
Current log-likelihood at step 14: -989053.188
Current log-likelihood at step 15: -989052.892
Current log-likelihood at step 16: -989052.603
Current log-likelihood at step 17: -989052.320
Current log-likelihood at step 18: -989052.042
Current log-likelihood at step 19: -989051.773
Current log-likelihood at step 20: -989051.507
Current log-likelihood at step 21: -989051.245
Current log-likelihood at step 22: -989050.988
Current log-likelihood at step 23: -989050.738
Current log-likelihood at step 24: -989050.491
Current log-likelihood at step 25: -989050.249
Current log-likelihood at step 26: -989050.011
Current log-likelihood at step 27: -989049.780
Current log-likelihood at step 28: -989049.551
Current log-likelihood at step 29: -989049.325
Current log-likelihood at step 30: -989049.101
Current log-likelihood at step 31: -989048.887
Current log-likelihood at step 32: -989048.667
Current log-likelihood at step 33: -989048.458
Current log-likelihood at step 34: -989048.255
Current log-likelihood at step 35: -989048.052
Current log-likelihood at step 36: -989047.846
Current log-likelihood at step 37: -989047.650
Current log-likelihood at step 38: -989047.453
Current log-likelihood at step 39: -989047.267
Current log-likelihood at step 40: -989047.078
Current log-likelihood at step 41: -989046.892
Current log-likelihood at step 42: -989046.707
Current log-likelihood at step 43: -989046.529
Current log-likelihood at step 44: -989046.349
Current log-likelihood at step 45: -989046.172
Current log-likelihood at step 46: -989045.998
Current log-likelihood at step 47: -989045.828
Current log-likelihood at step 48: -989045.659
Current log-likelihood at step 49: -989045.489
Current log-likelihood at step 50: -989045.322
Current log-likelihood at step 51: -989045.160
Current log-likelihood at step 52: -989044.997
Current log-likelihood at step 53: -989044.834
Current log-likelihood at step 54: -989044.677
Current log-likelihood at step 55: -989044.521
Current log-likelihood at step 56: -989044.358
Current log-likelihood at step 57: -989044.204
Current log-likelihood at step 58: -989044.053
Current log-likelihood at step 59: -989043.900
Current log-likelihood at step 60: -989043.748
Current log-likelihood at step 61: -989043.597
Current log-likelihood at step 62: -989043.449
Current log-likelihood at step 63: -989043.304
Current log-likelihood at step 64: -989043.154
Current log-likelihood at step 65: -989043.012
Current log-likelihood at step 66: -989042.865
Current log-likelihood at step 67: -989042.723
Current log-likelihood at step 68: -989042.578
Current log-likelihood at step 69: -989042.435
Current log-likelihood at step 70: -989042.290
Current log-likelihood at step 71: -989042.152
Current log-likelihood at step 72: -989042.010
Current log-likelihood at step 73: -989041.867
Current log-likelihood at step 74: -989041.728
Current log-likelihood at step 75: -989041.590
Current log-likelihood at step 76: -989041.456
Current log-likelihood at step 77: -989041.316
Current log-likelihood at step 78: -989041.173
Current log-likelihood at step 79: -989041.034
Current log-likelihood at step 80: -989040.898
Current log-likelihood at step 81: -989040.763
Current log-likelihood at step 82: -989040.623
Current log-likelihood at step 83: -989040.487
Current log-likelihood at step 84: -989040.353
Current log-likelihood at step 85: -989040.218
Current log-likelihood at step 86: -989040.085
Current log-likelihood at step 87: -989039.947
Current log-likelihood at step 88: -989039.813
Current log-likelihood at step 89: -989039.679
Current log-likelihood at step 90: -989039.548
Current log-likelihood at step 91: -989039.415
Current log-likelihood at step 92: -989039.279
Current log-likelihood at step 93: -989039.146
Current log-likelihood at step 94: -989039.017
Current log-likelihood at step 95: -989038.889
Current log-likelihood at step 96: -989038.760
Current log-likelihood at step 97: -989038.626
Current log-likelihood at step 98: -989038.497
Current log-likelihood at step 99: -989038.369
Parameters optimization took 99 rounds (49.902 sec)

BETTER TREE FOUND at iteration 1: -989038.369
Iteration 10 / LogL: -989038.845 / Time: 0h:4m:24s
Iteration 20 / LogL: -989040.051 / Time: 0h:5m:8s
Finish initializing candidate tree set (2)
Current best tree score: -989038.369 / CPU time: 159.292
Number of iterations: 20
--------------------------------------------------------------------
|               OPTIMIZING CANDIDATE TREE SET                      |
--------------------------------------------------------------------
Iteration 30 / LogL: -989038.772 / Time: 0h:5m:36s (0h:13m:42s left)
Iteration 40 / LogL: -989038.857 / Time: 0h:6m:5s (0h:9m:30s left)
Iteration 50 / LogL: -989038.394 / Time: 0h:6m:30s (0h:6m:45s left)
Log-likelihood cutoff on original alignment: -989225.559
Iteration 60 / LogL: -989038.891 / Time: 0h:6m:58s (0h:4m:50s left)
Iteration 70 / LogL: -989038.404 / Time: 0h:7m:25s (0h:3m:19s left)
Iteration 80 / LogL: -989327.632 / Time: 0h:7m:52s (0h:2m:5s left)
Iteration 90 / LogL: -989038.624 / Time: 0h:8m:16s (0h:1m:1s left)
Iteration 100 / LogL: -989038.392 / Time: 0h:8m:42s (0h:0m:5s left)
Log-likelihood cutoff on original alignment: -989214.985
NOTE: Bootstrap correlation coefficient of split occurrence frequencies: 1.000
TREE SEARCH COMPLETED AFTER 102 ITERATIONS / Time: 0h:8m:47s

--------------------------------------------------------------------
|                    FINALIZING TREE SEARCH                        |
--------------------------------------------------------------------
Performs final model parameters optimization
Estimate model parameters (epsilon = 0.010)
Initial log-likelihood: -989038.369
Current log-likelihood at step 1: -989038.239
Current log-likelihood at step 2: -989038.107
Current log-likelihood at step 3: -989037.969
Current log-likelihood at step 4: -989037.840
Current log-likelihood at step 5: -989037.709
Current log-likelihood at step 6: -989037.577
Current log-likelihood at step 7: -989037.444
Current log-likelihood at step 8: -989037.311
Current log-likelihood at step 9: -989037.183
Current log-likelihood at step 10: -989037.053
Current log-likelihood at step 11: -989036.923
Current log-likelihood at step 12: -989036.793
Current log-likelihood at step 13: -989036.666
Current log-likelihood at step 14: -989036.536
Current log-likelihood at step 15: -989036.410
Current log-likelihood at step 16: -989036.282
Current log-likelihood at step 17: -989036.154
Current log-likelihood at step 18: -989036.030
Current log-likelihood at step 19: -989035.904
Current log-likelihood at step 20: -989035.780
Current log-likelihood at step 21: -989035.658
Current log-likelihood at step 22: -989035.530
Current log-likelihood at step 23: -989035.407
Current log-likelihood at step 24: -989035.289
Current log-likelihood at step 25: -989035.169
Current log-likelihood at step 26: -989035.046
Current log-likelihood at step 27: -989034.923
Current log-likelihood at step 28: -989034.795
Current log-likelihood at step 29: -989034.675
Current log-likelihood at step 30: -989034.553
Current log-likelihood at step 31: -989034.434
Current log-likelihood at step 32: -989034.313
Current log-likelihood at step 33: -989034.191
Current log-likelihood at step 34: -989034.073
Current log-likelihood at step 35: -989033.956
Current log-likelihood at step 36: -989033.838
Current log-likelihood at step 37: -989033.718
Current log-likelihood at step 38: -989033.601
Current log-likelihood at step 39: -989033.486
Current log-likelihood at step 40: -989033.369
Current log-likelihood at step 41: -989033.253
Current log-likelihood at step 42: -989033.137
Current log-likelihood at step 43: -989033.017
Current log-likelihood at step 44: -989032.901
Current log-likelihood at step 45: -989032.787
Current log-likelihood at step 46: -989032.675
Current log-likelihood at step 47: -989032.565
Current log-likelihood at step 48: -989032.449
Current log-likelihood at step 49: -989032.334
Current log-likelihood at step 50: -989032.222
Current log-likelihood at step 51: -989032.112
Current log-likelihood at step 52: -989032.003
Current log-likelihood at step 53: -989031.896
Current log-likelihood at step 54: -989031.784
Current log-likelihood at step 55: -989031.670
Current log-likelihood at step 56: -989031.558
Current log-likelihood at step 57: -989031.447
Current log-likelihood at step 58: -989031.336
Current log-likelihood at step 59: -989031.227
Current log-likelihood at step 60: -989031.120
Current log-likelihood at step 61: -989031.013
Current log-likelihood at step 62: -989030.906
Current log-likelihood at step 63: -989030.799
Current log-likelihood at step 64: -989030.690
Current log-likelihood at step 65: -989030.587
Current log-likelihood at step 66: -989030.479
Current log-likelihood at step 67: -989030.371
Current log-likelihood at step 68: -989030.267
Current log-likelihood at step 69: -989030.163
Current log-likelihood at step 70: -989030.060
Current log-likelihood at step 71: -989029.953
Current log-likelihood at step 72: -989029.851
Current log-likelihood at step 73: -989029.751
Current log-likelihood at step 74: -989029.652
Current log-likelihood at step 75: -989029.555
Current log-likelihood at step 76: -989029.458
Current log-likelihood at step 77: -989029.359
Current log-likelihood at step 78: -989029.262
Current log-likelihood at step 79: -989029.162
Current log-likelihood at step 80: -989029.062
Current log-likelihood at step 81: -989028.964
Current log-likelihood at step 82: -989028.867
Current log-likelihood at step 83: -989028.772
Current log-likelihood at step 84: -989028.678
Current log-likelihood at step 85: -989028.584
Current log-likelihood at step 86: -989028.488
Current log-likelihood at step 87: -989028.399
Current log-likelihood at step 88: -989028.301
Current log-likelihood at step 89: -989028.210
Current log-likelihood at step 90: -989028.115
Current log-likelihood at step 91: -989028.022
Current log-likelihood at step 92: -989027.928
Current log-likelihood at step 93: -989027.835
Current log-likelihood at step 94: -989027.746
Current log-likelihood at step 95: -989027.654
Current log-likelihood at step 96: -989027.563
Current log-likelihood at step 97: -989027.471
Current log-likelihood at step 98: -989027.377
Current log-likelihood at step 99: -989027.285
Partition-specific rates:  0.263 0.371 0.296 0.313 0.939 0.486 0.263 0.522 0.346 2.558 0.692 0.359 0.406 0.588 0.379 0.335 2.204 0.290 0.233 0.414 0.409 11.318 1.129 2.111 1.388 0.364 1.210 5.097 5.525 0.464 1.971 0.830 3.475 0.852 3.806 105.956 373.663
Parameters optimization took 99 rounds (60.162 sec)

Partition information was printed to /mnt/c/Users/beto2/Documents/Romalea_phylogenomics/pipeline/4_IQ-TREE/output/filtered_50%Taxa_50Col_50%ColumnGapTolerance_50%RowGapTolerance/bootstrap_tree.best_model.nex
BEST SCORE FOUND : -989027.285
Creating bootstrap support values...
Split supports printed to NEXUS file /mnt/c/Users/beto2/Documents/Romalea_phylogenomics/pipeline/4_IQ-TREE/output/filtered_50%Taxa_50Col_50%ColumnGapTolerance_50%RowGapTolerance/bootstrap_tree.splits.nex
Total tree length: 0.677

Total number of iterations: 102
CPU time used for tree search: 1843.758 sec (0h:30m:43s)
Wall-clock time used for tree search: 378.106 sec (0h:6m:18s)
Total CPU time used: 2714.255 sec (0h:45m:14s)
Total wall-clock time used: 587.420 sec (0h:9m:47s)

Computing bootstrap consensus tree...
Reading input file /mnt/c/Users/beto2/Documents/Romalea_phylogenomics/pipeline/4_IQ-TREE/output/filtered_50%Taxa_50Col_50%ColumnGapTolerance_50%RowGapTolerance/bootstrap_tree.splits.nex...
33 taxa and 78 splits.
Consensus tree written to /mnt/c/Users/beto2/Documents/Romalea_phylogenomics/pipeline/4_IQ-TREE/output/filtered_50%Taxa_50Col_50%ColumnGapTolerance_50%RowGapTolerance/bootstrap_tree.contree
Reading input trees file /mnt/c/Users/beto2/Documents/Romalea_phylogenomics/pipeline/4_IQ-TREE/output/filtered_50%Taxa_50Col_50%ColumnGapTolerance_50%RowGapTolerance/bootstrap_tree.contree
Log-likelihood of consensus tree: -989027.285

Analysis results written to: 
  IQ-TREE report:                /mnt/c/Users/beto2/Documents/Romalea_phylogenomics/pipeline/4_IQ-TREE/output/filtered_50%Taxa_50Col_50%ColumnGapTolerance_50%RowGapTolerance/bootstrap_tree.iqtree
  Maximum-likelihood tree:       /mnt/c/Users/beto2/Documents/Romalea_phylogenomics/pipeline/4_IQ-TREE/output/filtered_50%Taxa_50Col_50%ColumnGapTolerance_50%RowGapTolerance/bootstrap_tree.treefile
  Likelihood distances:          /mnt/c/Users/beto2/Documents/Romalea_phylogenomics/pipeline/4_IQ-TREE/output/filtered_50%Taxa_50Col_50%ColumnGapTolerance_50%RowGapTolerance/bootstrap_tree.mldist

Ultrafast bootstrap approximation results written to:
  Split support values:          /mnt/c/Users/beto2/Documents/Romalea_phylogenomics/pipeline/4_IQ-TREE/output/filtered_50%Taxa_50Col_50%ColumnGapTolerance_50%RowGapTolerance/bootstrap_tree.splits.nex
  Consensus tree:                /mnt/c/Users/beto2/Documents/Romalea_phylogenomics/pipeline/4_IQ-TREE/output/filtered_50%Taxa_50Col_50%ColumnGapTolerance_50%RowGapTolerance/bootstrap_tree.contree
  Screen log file:               /mnt/c/Users/beto2/Documents/Romalea_phylogenomics/pipeline/4_IQ-TREE/output/filtered_50%Taxa_50Col_50%ColumnGapTolerance_50%RowGapTolerance/bootstrap_tree.log

Date and Time: Tue May  6 20:15:28 2025
